<?xml version="1.0" encoding="UTF-8"?>
<testsuites>
  <testsuite name="admin/login-dashboard" tests="8" failures="3" time="107024.267">
    <testcase name="Step 0: navigate" time="0">
      <failure message="page.goto: Timeout 30000ms exceeded.
Call log:
[2m  - navigating to &quot;http://localhost:3000/auth/signin&quot;, waiting until &quot;domcontentloaded&quot;[22m
"><
![CDATA[page.goto: Timeout 30000ms exceeded.
Call log:
[2m  - navigating to "http://localhost:3000/auth/signin", waiting until "domcontentloaded"[22m
]]></failure>
    </testcase>
    <testcase name="Step 1: type" time="0">
      <failure message="Element not found: ãƒ¡ãƒ¼ãƒ«ã‚¢ãƒ‰ãƒ¬ã‚¹"><
![CDATA[Element not found: ãƒ¡ãƒ¼ãƒ«ã‚¢ãƒ‰ãƒ¬ã‚¹]]></failure>
    </testcase>
    <testcase name="Step 2: type" time="0">
      <failure message="Element not found: ãƒ‘ã‚¹ãƒ¯ãƒ¼ãƒ‰"><
![CDATA[Element not found: ãƒ‘ã‚¹ãƒ¯ãƒ¼ãƒ‰]]></failure>
    </testcase>
    <testcase name="Step 3: click" time="0">
    </testcase>
    <testcase name="Step 4: wait" time="0">
    </testcase>
    <testcase name="Step 5: navigate" time="0">
    </testcase>
    <testcase name="Step 6: wait" time="0">
    </testcase>
    <testcase name="Step 7: snapshot" time="0">
    </testcase>
  </testsuite>
</testsuites>