<?xml version="1.0" encoding="UTF-8"?>
<testsuites>
  <testsuite name="homepage/guest-quotation" tests="19" failures="3" time="13.14">
    <testcase name="Step 0: navigate" time="0">
    </testcase>
    <testcase name="Step 1: wait" time="0">
    </testcase>
    <testcase name="Step 2: snapshot" time="0">
    </testcase>
    <testcase name="Step 3: evaluate" time="0">
    </testcase>
    <testcase name="Step 4: click" time="0">
    </testcase>
    <testcase name="Step 5: click" time="0">
    </testcase>
    <testcase name="Step 6: click" time="0">
    </testcase>
    <testcase name="Step 7: click" time="0">
    </testcase>
    <testcase name="Step 8: click" time="0">
    </testcase>
    <testcase name="Step 9: click" time="0">
    </testcase>
    <testcase name="Step 10: click" time="0">
    </testcase>
    <testcase name="Step 11: click" time="0">
    </testcase>
    <testcase name="Step 12: click" time="0">
    </testcase>
    <testcase name="Step 13: type" time="0">
      <failure message="Element not found: お名前"><
![CDATA[Element not found: お名前]]></failure>
    </testcase>
    <testcase name="Step 14: type" time="0">
    </testcase>
    <testcase name="Step 15: type" time="0">
      <failure message="Element not found: 電話番号"><
![CDATA[Element not found: 電話番号]]></failure>
    </testcase>
    <testcase name="Step 16: type" time="0">
      <failure message="Element not found: 会社名"><
![CDATA[Element not found: 会社名]]></failure>
    </testcase>
    <testcase name="Step 17: click" time="0">
    </testcase>
    <testcase name="Step 18: click" time="0">
    </testcase>
  </testsuite>
  <testsuite name="homepage/catalog-browsing" tests="26" failures="0" time="25.527">
    <testcase name="Step 0: navigate" time="0">
    </testcase>
    <testcase name="Step 1: wait" time="0">
    </testcase>
    <testcase name="Step 2: snapshot" time="0">
    </testcase>
    <testcase name="Step 3: click" time="0">
    </testcase>
    <testcase name="Step 4: click" time="0">
    </testcase>
    <testcase name="Step 5: wait" time="0">
    </testcase>
    <testcase name="Step 6: snapshot" time="0">
    </testcase>
    <testcase name="Step 7: click" time="0">
    </testcase>
    <testcase name="Step 8: click" time="0">
    </testcase>
    <testcase name="Step 9: navigate" time="0">
    </testcase>
    <testcase name="Step 10: wait" time="0">
    </testcase>
    <testcase name="Step 11: click" time="0">
    </testcase>
    <testcase name="Step 12: type" time="0">
    </testcase>
    <testcase name="Step 13: type" time="0">
    </testcase>
    <testcase name="Step 14: type" time="0">
    </testcase>
    <testcase name="Step 15: type" time="0">
    </testcase>
    <testcase name="Step 16: click" time="0">
    </testcase>
    <testcase name="Step 17: navigate" time="0">
    </testcase>
    <testcase name="Step 18: wait" time="0">
    </testcase>
    <testcase name="Step 19: snapshot" time="0">
    </testcase>
    <testcase name="Step 20: click" time="0">
    </testcase>
    <testcase name="Step 21: click" time="0">
    </testcase>
    <testcase name="Step 22: wait" time="0">
    </testcase>
    <testcase name="Step 23: snapshot" time="0">
    </testcase>
    <testcase name="Step 24: click" time="0">
    </testcase>
    <testcase name="Step 25: click" time="0">
    </testcase>
  </testsuite>
  <testsuite name="homepage/contact-form" tests="8" failures="0" time="6.628">
    <testcase name="Step 0: navigate" time="0">
    </testcase>
    <testcase name="Step 1: wait" time="0">
    </testcase>
    <testcase name="Step 2: click" time="0">
    </testcase>
    <testcase name="Step 3: type" time="0">
    </testcase>
    <testcase name="Step 4: type" time="0">
    </testcase>
    <testcase name="Step 5: type" time="0">
    </testcase>
    <testcase name="Step 6: type" time="0">
    </testcase>
    <testcase name="Step 7: click" time="0">
    </testcase>
  </testsuite>
  <testsuite name="homepage/case-studies" tests="7" failures="0" time="5.998">
    <testcase name="Step 0: navigate" time="0">
    </testcase>
    <testcase name="Step 1: wait" time="0">
    </testcase>
    <testcase name="Step 2: snapshot" time="0">
    </testcase>
    <testcase name="Step 3: click" time="0">
    </testcase>
    <testcase name="Step 4: click" time="0">
    </testcase>
    <testcase name="Step 5: click" time="0">
    </testcase>
    <testcase name="Step 6: click" time="0">
    </testcase>
  </testsuite>
  <testsuite name="member/login-dashboard" tests="9" failures="0" time="11.197">
    <testcase name="Step 0: navigate" time="0">
    </testcase>
    <testcase name="Step 1: type" time="0">
    </testcase>
    <testcase name="Step 2: type" time="0">
    </testcase>
    <testcase name="Step 3: click" time="0">
    </testcase>
    <testcase name="Step 4: click" time="0">
    </testcase>
    <testcase name="Step 5: wait" time="0">
    </testcase>
    <testcase name="Step 6: navigate" time="0">
    </testcase>
    <testcase name="Step 7: wait" time="0">
    </testcase>
    <testcase name="Step 8: snapshot" time="0">
    </testcase>
  </testsuite>
  <testsuite name="member/orders" tests="18" failures="5" time="13.94">
    <testcase name="Step 0: navigate" time="0">
    </testcase>
    <testcase name="Step 1: click" time="0">
    </testcase>
    <testcase name="Step 2: click" time="0">
    </testcase>
    <testcase name="Step 3: click" time="0">
    </testcase>
    <testcase name="Step 4: type" time="0">
      <failure message="Element not found: 郵便番号"><
![CDATA[Element not found: 郵便番号]]></failure>
    </testcase>
    <testcase name="Step 5: type" time="0">
      <failure message="Element not found: 都道府県"><
![CDATA[Element not found: 都道府県]]></failure>
    </testcase>
    <testcase name="Step 6: type" time="0">
      <failure message="Element not found: 市区町村"><
![CDATA[Element not found: 市区町村]]></failure>
    </testcase>
    <testcase name="Step 7: type" time="0">
      <failure message="Element not found: 番地・建物名"><
![CDATA[Element not found: 番地・建物名]]></failure>
    </testcase>
    <testcase name="Step 8: type" time="0">
      <failure message="Element not found: 希望納入日"><
![CDATA[Element not found: 希望納入日]]></failure>
    </testcase>
    <testcase name="Step 9: click" time="0">
    </testcase>
    <testcase name="Step 10: wait" time="0">
    </testcase>
    <testcase name="Step 11: click" time="0">
    </testcase>
    <testcase name="Step 12: navigate" time="0">
    </testcase>
    <testcase name="Step 13: wait" time="0">
    </testcase>
    <testcase name="Step 14: click" time="0">
    </testcase>
    <testcase name="Step 15: snapshot" time="0">
    </testcase>
    <testcase name="Step 16: click" time="0">
    </testcase>
    <testcase name="Step 17: snapshot" time="0">
    </testcase>
  </testsuite>
  <testsuite name="member/quotations" tests="12" failures="1" time="11.047">
    <testcase name="Step 0: navigate" time="0">
    </testcase>
    <testcase name="Step 1: wait" time="0">
    </testcase>
    <testcase name="Step 2: snapshot" time="0">
    </testcase>
    <testcase name="Step 3: click" time="0">
    </testcase>
    <testcase name="Step 4: click" time="0">
    </testcase>
    <testcase name="Step 5: navigate" time="0">
    </testcase>
    <testcase name="Step 6: wait" time="0">
    </testcase>
    <testcase name="Step 7: snapshot" time="0">
    </testcase>
    <testcase name="Step 8: navigate" time="0">
    </testcase>
    <testcase name="Step 9: verify_text_visible" time="0">
      <failure message="Unknown error"><
![CDATA[undefined]]></failure>
    </testcase>
    <testcase name="Step 10: navigate" time="0">
    </testcase>
    <testcase name="Step 11: click" time="0">
    </testcase>
  </testsuite>
  <testsuite name="member/contracts" tests="26" failures="1" time="30.651">
    <testcase name="Step 0: navigate" time="0">
    </testcase>
    <testcase name="Step 1: wait" time="0">
    </testcase>
    <testcase name="Step 2: snapshot" time="0">
    </testcase>
    <testcase name="Step 3: click" time="0">
    </testcase>
    <testcase name="Step 4: click" time="0">
    </testcase>
    <testcase name="Step 5: navigate" time="0">
    </testcase>
    <testcase name="Step 6: type" time="0">
    </testcase>
    <testcase name="Step 7: type" time="0">
    </testcase>
    <testcase name="Step 8: click" time="0">
    </testcase>
    <testcase name="Step 9: wait" time="0">
    </testcase>
    <testcase name="Step 10: navigate" time="0">
    </testcase>
    <testcase name="Step 11: click" time="0">
    </testcase>
    <testcase name="Step 12: click" time="0">
    </testcase>
    <testcase name="Step 13: wait" time="0">
    </testcase>
    <testcase name="Step 14: click" time="0">
    </testcase>
    <testcase name="Step 15: wait" time="0">
    </testcase>
    <testcase name="Step 16: navigate" time="0">
    </testcase>
    <testcase name="Step 17: type" time="0">
    </testcase>
    <testcase name="Step 18: type" time="0">
    </testcase>
    <testcase name="Step 19: click" time="0">
    </testcase>
    <testcase name="Step 20: wait" time="0">
    </testcase>
    <testcase name="Step 21: navigate" time="0">
    </testcase>
    <testcase name="Step 22: wait" time="0">
    </testcase>
    <testcase name="Step 23: verify_text_visible" time="0">
      <failure message="Unknown error"><
![CDATA[undefined]]></failure>
    </testcase>
    <testcase name="Step 24: click" time="0">
    </testcase>
    <testcase name="Step 25: snapshot" time="0">
    </testcase>
  </testsuite>
  <testsuite name="member/deliveries" tests="13" failures="6" time="11.993">
    <testcase name="Step 0: navigate" time="0">
    </testcase>
    <testcase name="Step 1: wait" time="0">
    </testcase>
    <testcase name="Step 2: snapshot" time="0">
    </testcase>
    <testcase name="Step 3: click" time="0">
    </testcase>
    <testcase name="Step 4: type" time="0">
      <failure message="Element not found: 納入先名"><
![CDATA[Element not found: 納入先名]]></failure>
    </testcase>
    <testcase name="Step 5: type" time="0">
      <failure message="Element not found: 連絡先"><
![CDATA[Element not found: 連絡先]]></failure>
    </testcase>
    <testcase name="Step 6: type" time="0">
      <failure message="Element not found: 郵便番号"><
![CDATA[Element not found: 郵便番号]]></failure>
    </testcase>
    <testcase name="Step 7: type" time="0">
      <failure message="Element not found: 都道府県"><
![CDATA[Element not found: 都道府県]]></failure>
    </testcase>
    <testcase name="Step 8: type" time="0">
      <failure message="Element not found: 市区町村"><
![CDATA[Element not found: 市区町村]]></failure>
    </testcase>
    <testcase name="Step 9: type" time="0">
      <failure message="Element not found: 番地・建物名"><
![CDATA[Element not found: 番地・建物名]]></failure>
    </testcase>
    <testcase name="Step 10: click" time="0">
    </testcase>
    <testcase name="Step 11: click" time="0">
    </testcase>
    <testcase name="Step 12: wait" time="0">
    </testcase>
  </testsuite>
  <testsuite name="member/invoices" tests="6" failures="0" time="9.396">
    <testcase name="Step 0: navigate" time="0">
    </testcase>
    <testcase name="Step 1: wait" time="0">
    </testcase>
    <testcase name="Step 2: snapshot" time="0">
    </testcase>
    <testcase name="Step 3: click" time="0">
    </testcase>
    <testcase name="Step 4: click" time="0">
    </testcase>
    <testcase name="Step 5: wait" time="0">
    </testcase>
  </testsuite>
  <testsuite name="member/samples" tests="8" failures="1" time="9.452">
    <testcase name="Step 0: navigate" time="0">
    </testcase>
    <testcase name="Step 1: wait" time="0">
    </testcase>
    <testcase name="Step 2: click" time="0">
    </testcase>
    <testcase name="Step 3: type" time="0">
      <failure message="Element not found: 数量"><
![CDATA[Element not found: 数量]]></failure>
    </testcase>
    <testcase name="Step 4: click" time="0">
    </testcase>
    <testcase name="Step 5: click" time="0">
    </testcase>
    <testcase name="Step 6: click" time="0">
    </testcase>
    <testcase name="Step 7: wait" time="0">
    </testcase>
  </testsuite>
  <testsuite name="member/inquiries" tests="9" failures="1" time="10.09">
    <testcase name="Step 0: navigate" time="0">
    </testcase>
    <testcase name="Step 1: wait" time="0">
    </testcase>
    <testcase name="Step 2: snapshot" time="0">
    </testcase>
    <testcase name="Step 3: click" time="0">
    </testcase>
    <testcase name="Step 4: click" time="0">
    </testcase>
    <testcase name="Step 5: type" time="0">
      <failure message="Element not found: 件名"><
![CDATA[Element not found: 件名]]></failure>
    </testcase>
    <testcase name="Step 6: type" time="0">
    </testcase>
    <testcase name="Step 7: click" time="0">
    </testcase>
    <testcase name="Step 8: wait" time="0">
    </testcase>
  </testsuite>
  <testsuite name="member/profile" tests="3" failures="0" time="3.866">
    <testcase name="Step 0: navigate" time="0">
    </testcase>
    <testcase name="Step 1: wait" time="0">
    </testcase>
    <testcase name="Step 2: snapshot" time="0">
    </testcase>
  </testsuite>
  <testsuite name="member/edit" tests="13" failures="5" time="13.025">
    <testcase name="Step 0: navigate" time="0">
    </testcase>
    <testcase name="Step 1: wait" time="0">
    </testcase>
    <testcase name="Step 2: snapshot" time="0">
    </testcase>
    <testcase name="Step 3: type" time="0">
      <failure message="Element not found: 会社電話番号"><
![CDATA[Element not found: 会社電話番号]]></failure>
    </testcase>
    <testcase name="Step 4: type" time="0">
      <failure message="Element not found: 携帯電話"><
![CDATA[Element not found: 携帯電話]]></failure>
    </testcase>
    <testcase name="Step 5: click" time="0">
    </testcase>
    <testcase name="Step 6: wait" time="0">
    </testcase>
    <testcase name="Step 7: click" time="0">
    </testcase>
    <testcase name="Step 8: type" time="0">
      <failure message="Element not found: 現在のパスワード"><
![CDATA[Element not found: 現在のパスワード]]></failure>
    </testcase>
    <testcase name="Step 9: type" time="0">
      <failure message="Element not found: 新しいパスワード"><
![CDATA[Element not found: 新しいパスワード]]></failure>
    </testcase>
    <testcase name="Step 10: type" time="0">
      <failure message="Element not found: パスワード確認"><
![CDATA[Element not found: パスワード確認]]></failure>
    </testcase>
    <testcase name="Step 11: click" time="0">
    </testcase>
    <testcase name="Step 12: wait" time="0">
    </testcase>
  </testsuite>
  <testsuite name="member/settings" tests="9" failures="0" time="9.97">
    <testcase name="Step 0: navigate" time="0">
    </testcase>
    <testcase name="Step 1: wait" time="0">
    </testcase>
    <testcase name="Step 2: snapshot" time="0">
    </testcase>
    <testcase name="Step 3: click" time="0">
    </testcase>
    <testcase name="Step 4: click" time="0">
    </testcase>
    <testcase name="Step 5: click" time="0">
    </testcase>
    <testcase name="Step 6: click" time="0">
    </testcase>
    <testcase name="Step 7: click" time="0">
    </testcase>
    <testcase name="Step 8: wait" time="0">
    </testcase>
  </testsuite>
  <testsuite name="member/notifications" tests="29" failures="1" time="32.133">
    <testcase name="Step 0: navigate" time="0">
    </testcase>
    <testcase name="Step 1: wait" time="0">
    </testcase>
    <testcase name="Step 2: snapshot" time="0">
    </testcase>
    <testcase name="Step 3: click" time="0">
    </testcase>
    <testcase name="Step 4: click" time="0">
    </testcase>
    <testcase name="Step 5: click" time="0">
    </testcase>
    <testcase name="Step 6: wait" time="0">
    </testcase>
    <testcase name="Step 7: click" time="0">
    </testcase>
    <testcase name="Step 8: wait" time="0">
    </testcase>
    <testcase name="Step 9: click" time="0">
    </testcase>
    <testcase name="Step 10: navigate" time="0">
    </testcase>
    <testcase name="Step 11: type" time="0">
    </testcase>
    <testcase name="Step 12: type" time="0">
    </testcase>
    <testcase name="Step 13: click" time="0">
    </testcase>
    <testcase name="Step 14: wait" time="0">
    </testcase>
    <testcase name="Step 15: navigate" time="0">
    </testcase>
    <testcase name="Step 16: click" time="0">
    </testcase>
    <testcase name="Step 17: wait" time="0">
    </testcase>
    <testcase name="Step 18: navigate" time="0">
    </testcase>
    <testcase name="Step 19: type" time="0">
    </testcase>
    <testcase name="Step 20: type" time="0">
    </testcase>
    <testcase name="Step 21: click" time="0">
    </testcase>
    <testcase name="Step 22: wait" time="0">
    </testcase>
    <testcase name="Step 23: navigate" time="0">
    </testcase>
    <testcase name="Step 24: wait" time="0">
    </testcase>
    <testcase name="Step 25: verify_text_visible" time="0">
      <failure message="Unknown error"><
![CDATA[undefined]]></failure>
    </testcase>
    <testcase name="Step 26: click" time="0">
    </testcase>
    <testcase name="Step 27: click" time="0">
    </testcase>
    <testcase name="Step 28: wait" time="0">
    </testcase>
  </testsuite>
  <testsuite name="admin/login-dashboard" tests="8" failures="0" time="10.681">
    <testcase name="Step 0: navigate" time="0">
    </testcase>
    <testcase name="Step 1: type" time="0">
    </testcase>
    <testcase name="Step 2: type" time="0">
    </testcase>
    <testcase name="Step 3: click" time="0">
    </testcase>
    <testcase name="Step 4: wait" time="0">
    </testcase>
    <testcase name="Step 5: navigate" time="0">
    </testcase>
    <testcase name="Step 6: wait" time="0">
    </testcase>
    <testcase name="Step 7: snapshot" time="0">
    </testcase>
  </testsuite>
  <testsuite name="admin/quotations" tests="12" failures="0" time="12.514">
    <testcase name="Step 0: navigate" time="0">
    </testcase>
    <testcase name="Step 1: wait" time="0">
    </testcase>
    <testcase name="Step 2: click" time="0">
    </testcase>
    <testcase name="Step 3: wait" time="0">
    </testcase>
    <testcase name="Step 4: click" time="0">
    </testcase>
    <testcase name="Step 5: click" time="0">
    </testcase>
    <testcase name="Step 6: snapshot" time="0">
    </testcase>
    <testcase name="Step 7: click" time="0">
    </testcase>
    <testcase name="Step 8: wait" time="0">
    </testcase>
    <testcase name="Step 9: click" time="0">
    </testcase>
    <testcase name="Step 10: click" time="0">
    </testcase>
    <testcase name="Step 11: click" time="0">
    </testcase>
  </testsuite>
  <testsuite name="admin/approvals" tests="9" failures="0" time="9.954">
    <testcase name="Step 0: navigate" time="0">
    </testcase>
    <testcase name="Step 1: wait" time="0">
    </testcase>
    <testcase name="Step 2: snapshot" time="0">
    </testcase>
    <testcase name="Step 3: click" time="0">
    </testcase>
    <testcase name="Step 4: click" time="0">
    </testcase>
    <testcase name="Step 5: wait" time="0">
    </testcase>
    <testcase name="Step 6: click" time="0">
    </testcase>
    <testcase name="Step 7: click" time="0">
    </testcase>
    <testcase name="Step 8: click" time="0">
    </testcase>
  </testsuite>
  <testsuite name="admin/customers" tests="20" failures="4" time="20.017">
    <testcase name="Step 0: navigate" time="0">
    </testcase>
    <testcase name="Step 1: wait" time="0">
    </testcase>
    <testcase name="Step 2: snapshot" time="0">
    </testcase>
    <testcase name="Step 3: click" time="0">
    </testcase>
    <testcase name="Step 4: wait" time="0">
    </testcase>
    <testcase name="Step 5: click" time="0">
    </testcase>
    <testcase name="Step 6: click" time="0">
    </testcase>
    <testcase name="Step 7: click" time="0">
    </testcase>
    <testcase name="Step 8: type" time="0">
      <failure message="Element not found: 会社電話番号"><
![CDATA[Element not found: 会社電話番号]]></failure>
    </testcase>
    <testcase name="Step 9: type" time="0">
      <failure message="Element not found: 携帯電話"><
![CDATA[Element not found: 携帯電話]]></failure>
    </testcase>
    <testcase name="Step 10: click" time="0">
    </testcase>
    <testcase name="Step 11: wait" time="0">
    </testcase>
    <testcase name="Step 12: navigate" time="0">
    </testcase>
    <testcase name="Step 13: type" time="0">
    </testcase>
    <testcase name="Step 14: type" time="0">
    </testcase>
    <testcase name="Step 15: click" time="0">
    </testcase>
    <testcase name="Step 16: wait" time="0">
    </testcase>
    <testcase name="Step 17: navigate" time="0">
    </testcase>
    <testcase name="Step 18: verify_text_visible" time="0">
      <failure message="Unknown error"><
![CDATA[undefined]]></failure>
    </testcase>
    <testcase name="Step 19: verify_text_visible" time="0">
      <failure message="Unknown error"><
![CDATA[undefined]]></failure>
    </testcase>
  </testsuite>
  <testsuite name="admin/orders" tests="19" failures="2" time="15.528">
    <testcase name="Step 0: navigate" time="0">
    </testcase>
    <testcase name="Step 1: wait" time="0">
    </testcase>
    <testcase name="Step 2: snapshot" time="0">
    </testcase>
    <testcase name="Step 3: click" time="0">
    </testcase>
    <testcase name="Step 4: navigate" time="0">
    </testcase>
    <testcase name="Step 5: snapshot" time="0">
    </testcase>
    <testcase name="Step 6: click" time="0">
    </testcase>
    <testcase name="Step 7: click" time="0">
    </testcase>
    <testcase name="Step 8: click" time="0">
    </testcase>
    <testcase name="Step 9: wait" time="0">
    </testcase>
    <testcase name="Step 10: navigate" time="0">
    </testcase>
    <testcase name="Step 11: click" time="0">
    </testcase>
    <testcase name="Step 12: click" time="0">
    </testcase>
    <testcase name="Step 13: click" time="0">
    </testcase>
    <testcase name="Step 14: click" time="0">
    </testcase>
    <testcase name="Step 15: click" time="0">
    </testcase>
    <testcase name="Step 16: type" time="0">
      <failure message="Element not found: 進捗率"><
![CDATA[Element not found: 進捗率]]></failure>
    </testcase>
    <testcase name="Step 17: type" time="0">
      <failure message="Element not found: 作業メモ"><
![CDATA[Element not found: 作業メモ]]></failure>
    </testcase>
    <testcase name="Step 18: click" time="0">
    </testcase>
  </testsuite>
  <testsuite name="admin/contracts" tests="24" failures="0" time="26.656">
    <testcase name="Step 0: navigate" time="0">
    </testcase>
    <testcase name="Step 1: wait" time="0">
    </testcase>
    <testcase name="Step 2: snapshot" time="0">
    </testcase>
    <testcase name="Step 3: click" time="0">
    </testcase>
    <testcase name="Step 4: wait" time="0">
    </testcase>
    <testcase name="Step 5: click" time="0">
    </testcase>
    <testcase name="Step 6: navigate" time="0">
    </testcase>
    <testcase name="Step 7: click" time="0">
    </testcase>
    <testcase name="Step 8: click" time="0">
    </testcase>
    <testcase name="Step 9: wait" time="0">
    </testcase>
    <testcase name="Step 10: snapshot" time="0">
    </testcase>
    <testcase name="Step 11: click" time="0">
    </testcase>
    <testcase name="Step 12: wait" time="0">
    </testcase>
    <testcase name="Step 13: navigate" time="0">
    </testcase>
    <testcase name="Step 14: type" time="0">
    </testcase>
    <testcase name="Step 15: type" time="0">
    </testcase>
    <testcase name="Step 16: click" time="0">
    </testcase>
    <testcase name="Step 17: wait" time="0">
    </testcase>
    <testcase name="Step 18: navigate" time="0">
    </testcase>
    <testcase name="Step 19: wait" time="0">
    </testcase>
    <testcase name="Step 20: click" time="0">
    </testcase>
    <testcase name="Step 21: snapshot" time="0">
    </testcase>
    <testcase name="Step 22: navigate" time="0">
    </testcase>
    <testcase name="Step 23: click" time="0">
    </testcase>
  </testsuite>
  <testsuite name="admin/production" tests="15" failures="2" time="15.033">
    <testcase name="Step 0: navigate" time="0">
    </testcase>
    <testcase name="Step 1: wait" time="0">
    </testcase>
    <testcase name="Step 2: snapshot" time="0">
    </testcase>
    <testcase name="Step 3: click" time="0">
    </testcase>
    <testcase name="Step 4: click" time="0">
    </testcase>
    <testcase name="Step 5: click" time="0">
    </testcase>
    <testcase name="Step 6: click" time="0">
    </testcase>
    <testcase name="Step 7: click" time="0">
    </testcase>
    <testcase name="Step 8: click" time="0">
    </testcase>
    <testcase name="Step 9: wait" time="0">
    </testcase>
    <testcase name="Step 10: click" time="0">
    </testcase>
    <testcase name="Step 11: type" time="0">
      <failure message="Element not found: 進捗率"><
![CDATA[Element not found: 進捗率]]></failure>
    </testcase>
    <testcase name="Step 12: type" time="0">
      <failure message="Element not found: 作業メモ"><
![CDATA[Element not found: 作業メモ]]></failure>
    </testcase>
    <testcase name="Step 13: click" time="0">
    </testcase>
    <testcase name="Step 14: wait" time="0">
    </testcase>
  </testsuite>
  <testsuite name="admin/inventory" tests="7" failures="1" time="8.878">
    <testcase name="Step 0: navigate" time="0">
    </testcase>
    <testcase name="Step 1: wait" time="0">
    </testcase>
    <testcase name="Step 2: snapshot" time="0">
    </testcase>
    <testcase name="Step 3: click" time="0">
    </testcase>
    <testcase name="Step 4: type" time="0">
      <failure message="Element not found: 入庫数量"><
![CDATA[Element not found: 入庫数量]]></failure>
    </testcase>
    <testcase name="Step 5: click" time="0">
    </testcase>
    <testcase name="Step 6: wait" time="0">
    </testcase>
  </testsuite>
  <testsuite name="admin/shipments" tests="9" failures="1" time="9.924">
    <testcase name="Step 0: navigate" time="0">
    </testcase>
    <testcase name="Step 1: wait" time="0">
    </testcase>
    <testcase name="Step 2: snapshot" time="0">
    </testcase>
    <testcase name="Step 3: click" time="0">
    </testcase>
    <testcase name="Step 4: type" time="0">
      <failure message="Element not found: 送り状番号"><
![CDATA[Element not found: 送り状番号]]></failure>
    </testcase>
    <testcase name="Step 5: click" time="0">
    </testcase>
    <testcase name="Step 6: click" time="0">
    </testcase>
    <testcase name="Step 7: click" time="0">
    </testcase>
    <testcase name="Step 8: wait" time="0">
    </testcase>
  </testsuite>
  <testsuite name="admin/leads" tests="13" failures="2" time="12.085">
    <testcase name="Step 0: navigate" time="0">
    </testcase>
    <testcase name="Step 1: wait" time="0">
    </testcase>
    <testcase name="Step 2: snapshot" time="0">
    </testcase>
    <testcase name="Step 3: click" time="0">
    </testcase>
    <testcase name="Step 4: click" time="0">
    </testcase>
    <testcase name="Step 5: click" time="0">
    </testcase>
    <testcase name="Step 6: type" time="0">
      <failure message="Element not found: 氏名"><
![CDATA[Element not found: 氏名]]></failure>
    </testcase>
    <testcase name="Step 7: type" time="0">
    </testcase>
    <testcase name="Step 8: type" time="0">
      <failure message="Element not found: 会社電話番号"><
![CDATA[Element not found: 会社電話番号]]></failure>
    </testcase>
    <testcase name="Step 9: click" time="0">
    </testcase>
    <testcase name="Step 10: click" time="0">
    </testcase>
    <testcase name="Step 11: click" time="0">
    </testcase>
    <testcase name="Step 12: wait" time="0">
    </testcase>
  </testsuite>
  <testsuite name="admin/coupons" tests="33" failures="10" time="29.75">
    <testcase name="Step 0: navigate" time="0">
    </testcase>
    <testcase name="Step 1: wait" time="0">
    </testcase>
    <testcase name="Step 2: snapshot" time="0">
    </testcase>
    <testcase name="Step 3: click" time="0">
    </testcase>
    <testcase name="Step 4: click" time="0">
    </testcase>
    <testcase name="Step 5: click" time="0">
    </testcase>
    <testcase name="Step 6: type" time="0">
      <failure message="Element not found: クーポンコード"><
![CDATA[Element not found: クーポンコード]]></failure>
    </testcase>
    <testcase name="Step 7: click" time="0">
    </testcase>
    <testcase name="Step 8: click" time="0">
    </testcase>
    <testcase name="Step 9: type" time="0">
      <failure message="Element not found: 割引額"><
![CDATA[Element not found: 割引額]]></failure>
    </testcase>
    <testcase name="Step 10: type" time="0">
      <failure message="Element not found: 最小購入額"><
![CDATA[Element not found: 最小購入額]]></failure>
    </testcase>
    <testcase name="Step 11: type" time="0">
      <failure message="Element not found: 最大割引"><
![CDATA[Element not found: 最大割引]]></failure>
    </testcase>
    <testcase name="Step 12: type" time="0">
      <failure message="Element not found: 有効期間開始"><
![CDATA[Element not found: 有効期間開始]]></failure>
    </testcase>
    <testcase name="Step 13: type" time="0">
      <failure message="Element not found: 有効期間終了"><
![CDATA[Element not found: 有効期間終了]]></failure>
    </testcase>
    <testcase name="Step 14: click" time="0">
    </testcase>
    <testcase name="Step 15: click" time="0">
    </testcase>
    <testcase name="Step 16: wait" time="0">
    </testcase>
    <testcase name="Step 17: navigate" time="0">
    </testcase>
    <testcase name="Step 18: type" time="0">
    </testcase>
    <testcase name="Step 19: type" time="0">
    </testcase>
    <testcase name="Step 20: click" time="0">
    </testcase>
    <testcase name="Step 21: wait" time="0">
    </testcase>
    <testcase name="Step 22: navigate" time="0">
    </testcase>
    <testcase name="Step 23: wait" time="0">
    </testcase>
    <testcase name="Step 24: click" time="0">
    </testcase>
    <testcase name="Step 25: click" time="0">
    </testcase>
    <testcase name="Step 26: type" time="0">
      <failure message="Element not found: 数量"><
![CDATA[Element not found: 数量]]></failure>
    </testcase>
    <testcase name="Step 27: click" time="0">
    </testcase>
    <testcase name="Step 28: type" time="0">
      <failure message="Element not found: クーポンコード"><
![CDATA[Element not found: クーポンコード]]></failure>
    </testcase>
    <testcase name="Step 29: click" time="0">
    </testcase>
    <testcase name="Step 30: wait" time="0">
    </testcase>
    <testcase name="Step 31: verify_text_visible" time="0">
      <failure message="Unknown error"><
![CDATA[undefined]]></failure>
    </testcase>
    <testcase name="Step 32: verify_text_visible" time="0">
      <failure message="Unknown error"><
![CDATA[undefined]]></failure>
    </testcase>
  </testsuite>
  <testsuite name="admin/settings" tests="41" failures="16" time="37.952">
    <testcase name="Step 0: navigate" time="0">
    </testcase>
    <testcase name="Step 1: wait" time="0">
    </testcase>
    <testcase name="Step 2: snapshot" time="0">
    </testcase>
    <testcase name="Step 3: click" time="0">
    </testcase>
    <testcase name="Step 4: type" time="0">
      <failure message="Element not found: サイト名"><
![CDATA[Element not found: サイト名]]></failure>
    </testcase>
    <testcase name="Step 5: type" time="0">
      <failure message="Element not found: 連絡先メール"><
![CDATA[Element not found: 連絡先メール]]></failure>
    </testcase>
    <testcase name="Step 6: type" time="0">
      <failure message="Element not found: カスタマーサービス電話"><
![CDATA[Element not found: カスタマーサービス電話]]></failure>
    </testcase>
    <testcase name="Step 7: click" time="0">
    </testcase>
    <testcase name="Step 8: click" time="0">
    </testcase>
    <testcase name="Step 9: wait" time="0">
    </testcase>
    <testcase name="Step 10: click" time="0">
    </testcase>
    <testcase name="Step 11: type" time="0">
      <failure message="Element not found: クーポン有効期間"><
![CDATA[Element not found: クーポン有効期間]]></failure>
    </testcase>
    <testcase name="Step 12: type" time="0">
      <failure message="Element not found: 最小数量"><
![CDATA[Element not found: 最小数量]]></failure>
    </testcase>
    <testcase name="Step 13: type" time="0">
      <failure message="Element not found: 最大数量"><
![CDATA[Element not found: 最大数量]]></failure>
    </testcase>
    <testcase name="Step 14: type" time="0">
      <failure message="Element not found: 基本リードタイム"><
![CDATA[Element not found: 基本リードタイム]]></failure>
    </testcase>
    <testcase name="Step 15: click" time="0">
    </testcase>
    <testcase name="Step 16: wait" time="0">
    </testcase>
    <testcase name="Step 17: click" time="0">
    </testcase>
    <testcase name="Step 18: type" time="0">
      <failure message="Element not found: 基本送料"><
![CDATA[Element not found: 基本送料]]></failure>
    </testcase>
    <testcase name="Step 19: type" time="0">
      <failure message="Element not found: 無料送料条件"><
![CDATA[Element not found: 無料送料条件]]></failure>
    </testcase>
    <testcase name="Step 20: click" time="0">
    </testcase>
    <testcase name="Step 21: type" time="0">
      <failure message="Element not found: 企業名"><
![CDATA[Element not found: 企業名]]></failure>
    </testcase>
    <testcase name="Step 22: type" time="0">
      <failure message="Element not found: APIキー"><
![CDATA[Element not found: APIキー]]></failure>
    </testcase>
    <testcase name="Step 23: click" time="0">
    </testcase>
    <testcase name="Step 24: wait" time="0">
    </testcase>
    <testcase name="Step 25: navigate" time="0">
    </testcase>
    <testcase name="Step 26: click" time="0">
    </testcase>
    <testcase name="Step 27: type" time="0">
      <failure message="Element not found: 無料送料条件"><
![CDATA[Element not found: 無料送料条件]]></failure>
    </testcase>
    <testcase name="Step 28: click" time="0">
    </testcase>
    <testcase name="Step 29: wait" time="0">
    </testcase>
    <testcase name="Step 30: navigate" time="0">
    </testcase>
    <testcase name="Step 31: type" time="0">
    </testcase>
    <testcase name="Step 32: type" time="0">
    </testcase>
    <testcase name="Step 33: click" time="0">
    </testcase>
    <testcase name="Step 34: wait" time="0">
    </testcase>
    <testcase name="Step 35: navigate" time="0">
    </testcase>
    <testcase name="Step 36: wait" time="0">
    </testcase>
    <testcase name="Step 37: type" time="0">
      <failure message="Element not found: 数量"><
![CDATA[Element not found: 数量]]></failure>
    </testcase>
    <testcase name="Step 38: verify_text_visible" time="0">
      <failure message="Unknown error"><
![CDATA[undefined]]></failure>
    </testcase>
    <testcase name="Step 39: type" time="0">
      <failure message="Element not found: 数量"><
![CDATA[Element not found: 数量]]></failure>
    </testcase>
    <testcase name="Step 40: verify_text_visible" time="0">
      <failure message="Unknown error"><
![CDATA[undefined]]></failure>
    </testcase>
  </testsuite>
  <testsuite name="admin/notifications" tests="9" failures="0" time="6.8">
    <testcase name="Step 0: click" time="0">
    </testcase>
    <testcase name="Step 1: snapshot" time="0">
    </testcase>
    <testcase name="Step 2: click" time="0">
    </testcase>
    <testcase name="Step 3: click" time="0">
    </testcase>
    <testcase name="Step 4: click" time="0">
    </testcase>
    <testcase name="Step 5: wait" time="0">
    </testcase>
    <testcase name="Step 6: click" time="0">
    </testcase>
    <testcase name="Step 7: click" time="0">
    </testcase>
    <testcase name="Step 8: click" time="0">
    </testcase>
  </testsuite>
  <testsuite name="integration/guest-quotation-flow" tests="0" failures="0" time="0">
  </testsuite>
  <testsuite name="integration/member-registration-flow" tests="0" failures="0" time="0">
  </testsuite>
  <testsuite name="integration/order-shipping-flow" tests="0" failures="0" time="0">
  </testsuite>
  <testsuite name="integration/notification-flow" tests="0" failures="0" time="0">
  </testsuite>
  <testsuite name="integration/realtime-updates" tests="14" failures="0" time="42.981">
    <testcase name="Step 0: navigate" time="0">
    </testcase>
    <testcase name="Step 1: type" time="0">
    </testcase>
    <testcase name="Step 2: type" time="0">
    </testcase>
    <testcase name="Step 3: click" time="0">
    </testcase>
    <testcase name="Step 4: wait" time="0">
    </testcase>
    <testcase name="Step 5: navigate" time="0">
    </testcase>
    <testcase name="Step 6: wait" time="0">
    </testcase>
    <testcase name="Step 7: navigate" time="0">
    </testcase>
    <testcase name="Step 8: type" time="0">
    </testcase>
    <testcase name="Step 9: type" time="0">
    </testcase>
    <testcase name="Step 10: click" time="0">
    </testcase>
    <testcase name="Step 11: navigate" time="0">
    </testcase>
    <testcase name="Step 12: click" time="0">
    </testcase>
    <testcase name="Step 13: wait" time="0">
    </testcase>
  </testsuite>
  <testsuite name="integration/error-performance" tests="0" failures="0" time="0">
  </testsuite>
</testsuites>